key: 40f186b8{"title":"荣卫建 先生 和 王岳 女士", "hasBaby":false}
key: 4e8a88a9{"title":"刘继生 先生", "hasBaby":false}
key: 7629b854{"title":"牛丽瑞 女士", "hasBaby":false}
key: 15c330aa{"title":"生先水 先生", "hasBaby":false}
key: 16cc8a48{"title":"张爱臣 先生", "hasBaby":false}
key: 40dea6bc{"title":"马桂霞 女士", "hasBaby":true}
key: 203b4f0e{"title":"戚小斌 先生", "hasBaby":false}
key: 7366fdde{"title":"武法行 先生 和 姜杨丽 女士", "hasBaby":true}
key: 2afbb5f5{"title":"腾先超 先生", "hasBaby":false}
key: 770848b9{"title":"朱文斌 先生", "hasBaby":false}
key: 69123787{"title":"秦彦卿 先生", "hasBaby":false}
key: 2d11f5f1{"title":"张则前 先生", "hasBaby":false}
key: 6ea53502{"title":"芦桂明 先生", "hasBaby":false}
key: 2d04cf67{"title":"孙建明 先生", "hasBaby":false}
key: 5994a1e9{"title":"徐新龙 先生", "hasBaby":false}



	http://quchunyi.jd-app.com/wedding?key=40f186b8             荣卫建
	http://quchunyi.jd-app.com/wedding?key=4e8a88a9             刘继生
	http://quchunyi.jd-app.com/wedding?key=7629b854             牛丽瑞
	http://quchunyi.jd-app.com/wedding?key=15c330aa             生先水
	http://quchunyi.jd-app.com/wedding?key=16cc8a48             张爱臣
	http://quchunyi.jd-app.com/wedding?key=40dea6bc             马桂霞
http://quchunyi.jd-app.com/wedding?key=203b4f0e             戚小斌
	http://quchunyi.jd-app.com/wedding?key=7366fdde             武法行
	http://quchunyi.jd-app.com/wedding?key=2afbb5f5             腾先超
	http://quchunyi.jd-app.com/wedding?key=770848b9             朱文斌
	http://quchunyi.jd-app.com/wedding?key=69123787             秦彦卿
	http://quchunyi.jd-app.com/wedding?key=2d11f5f1             张则前
	http://quchunyi.jd-app.com/wedding?key=6ea53502             芦桂明
	http://quchunyi.jd-app.com/wedding?key=2d04cf67             孙建明
	http://quchunyi.jd-app.com/wedding?key=5994a1e9             徐新龙
	http://quchunyi.jd-app.com/wedding?key=ff5dl42b				李素超